2019-May-15 08:28:03 Наличие необходимых модулей php (check_php_modules): Ok
Все необходимые модули установлены
2019-May-15 08:28:03 Обязательные параметры PHP (check_php_settings): Ok
Настройки правильные
2019-May-15 08:28:03 Модули веб-сервера (check_security): Ok
Конфликтов не выявлено
2019-May-15 08:28:03 Значения переменных сервера (check_server_vars): Ok
Корректные
2019-May-15 08:28:03 Сохранение сессии (check_session): Ok
50% done
2019-May-15 08:28:03 Сохранение сессии (check_session): Ok
Успешно
2019-May-15 08:28:03 Параметры настройки UTF (mbstring и константа BX_UTF) (check_mbstring): Ok
Правильные. Сайт работает в UTF кодировке
2019-May-15 08:28:03 Служебные скрипты в корне сайта (check_install_scripts): Ok
Отсутствуют
2019-May-15 08:28:04 Работа с сокетами (check_socket): Ok
Connection to lnkrayon.ru:80	Success

Успешно
2019-May-15 08:28:04 Выполнение агентов на cron (check_bx_crontab): Fail
Ошибка! Не настроен запуск cron_events.php на cron, последний агент отработал больше суток назад.
2019-May-15 08:28:04 Параметры подключения к базе данных (check_dbconn_settings): Ok
Успешно
2019-May-15 08:28:04 Лишний вывод в файлах конфигурации (check_dbconn): Ok
Connection to lnkrayon.ru:80	Success

Успешно
2019-May-15 08:28:05 Сохранение сессии без UserAgent (check_session_ua): Ok
50% done
Connection to lnkrayon.ru:80	Success

2019-May-15 08:28:05 Сохранение сессии без UserAgent (check_session_ua): Ok
Connection to lnkrayon.ru:80	Success

Успешно
2019-May-15 08:28:05 Настройки сайтов (check_sites): Ok
Правильные
2019-May-15 08:28:05 Передача объектов по ссылке (check_clone): Ok
Успешно
2019-May-15 08:28:05 Размер стека и pcre.recursion_limit (check_pcre_recursion): Warning
Connection to lnkrayon.ru:80	Success

Замечание. Возможны проблемы в работе с длинными строками из-за системных ограничений
2019-May-15 08:28:05 Загрузка файла (check_upload): Ok
Connection to lnkrayon.ru:80	Success

Успешно
2019-May-15 08:28:05 Загрузка файла больше 4Мб (check_upload_big): Ok
Connection to lnkrayon.ru:80	Success

Успешно
2019-May-15 08:28:06 Загрузка файла через php://input (check_upload_raw): Ok
Connection to lnkrayon.ru:80	Success

Успешно
2019-May-15 08:28:06 Передача POST запроса с большим числом параметров (check_post): Ok
Connection to lnkrayon.ru:80	Success

Успешно
2019-May-15 08:28:06 Отправка почты (check_mail): Ok
Успешно
2019-May-15 08:28:06 Отправка почтового сообщения больше 64Кб (check_mail_big): Ok
Успешно
2019-May-15 08:28:06 Проверка на наличие неотправленных сообщений (check_mail_b_event): Fail
Ошибка! Есть ошибки при отправке системных почтовых сообщений, число неотправленных сообщений: 16 Определена константа BX_CRONTAB_SUPPORT в /bitrix/php_interface/dbconn.php, при этом должен быть настроен вызов агентов на cron.
2019-May-15 08:28:06 Внутреннее перенаправление (функция LocalRedirect) (check_localredirect): Ok
50% done
Connection to lnkrayon.ru:80	Success

2019-May-15 08:28:06 Внутреннее перенаправление (функция LocalRedirect) (check_localredirect): Ok
Connection to lnkrayon.ru:80	Success

Успешно
2019-May-15 08:28:07 Фактическое ограничение памяти (check_memory_limit): Ok
20% done
Connection to lnkrayon.ru:80	Success

2019-May-15 08:28:07 Фактическое ограничение памяти (check_memory_limit): Ok
40% done
Connection to lnkrayon.ru:80	Success

2019-May-15 08:28:07 Фактическое ограничение памяти (check_memory_limit): Ok
60% done
Connection to lnkrayon.ru:80	Success

2019-May-15 08:28:08 Фактическое ограничение памяти (check_memory_limit): Ok
80% done
Connection to lnkrayon.ru:80	Success

2019-May-15 08:28:09 Фактическое ограничение памяти (check_memory_limit): Ok
Connection to lnkrayon.ru:80	Success

Не менее 256 М
2019-May-15 08:28:09 Работа с файлами кеша (check_cache): Ok
Успешно
2019-May-15 08:28:10 Доступ к серверу обновлений (check_update): Ok
Успешно
2019-May-15 08:28:10 HTTP авторизация (check_http_auth): Ok
Connection to lnkrayon.ru:80	Success

Успешно
2019-May-15 08:28:10 Создание и запуск файла (check_exec): Ok
Connection to lnkrayon.ru:80	Success

Успешно
2019-May-15 08:28:10 Функция getimagesize для swf (check_getimagesize): Ok
Успешно
2019-May-15 08:28:10 Версия MySQL-сервера (check_mysql_bug_version): Ok
Успешно
2019-May-15 08:28:11 Время на БД и веб-сервере (check_mysql_time): Ok
Успешно
2019-May-15 08:28:11 Режим работы MySQL (check_mysql_mode): Ok
Успешно
2019-May-15 08:28:11 Кодировка соединения (check_mysql_connection_charset): Ok
character_set_connection=utf8, collation_connection=utf8_unicode_ci, character_set_results=utf8
Успешно
2019-May-15 08:28:11 Кодировка базы данных (check_mysql_db_charset): Fail
CHARSET=cp1251, COLLATION=cp1251_general_ci
Ошибка! Кодировка базы (cp1251) отличается от кодировки соединения (utf8). Исправить
2019-May-15 08:28:11 Кодировки таблиц в БД (check_mysql_table_charset): Warning
Замечание. Не проверено из-за ошибки кодировки базы
2019-May-15 08:28:11 Структура базы данных (check_mysql_table_structure): Ok
0% done
2019-May-15 08:28:11 Структура базы данных (check_mysql_table_structure): Ok
3% done
2019-May-15 08:28:11 Структура базы данных (check_mysql_table_structure): Ok
7% done
2019-May-15 08:28:11 Структура базы данных (check_mysql_table_structure): Ok
11% done
2019-May-15 08:28:12 Структура базы данных (check_mysql_table_structure): Ok
15% done
2019-May-15 08:28:12 Структура базы данных (check_mysql_table_structure): Ok
19% done
2019-May-15 08:28:12 Структура базы данных (check_mysql_table_structure): Ok
23% done
2019-May-15 08:28:13 Структура базы данных (check_mysql_table_structure): Ok
26% done
2019-May-15 08:28:13 Структура базы данных (check_mysql_table_structure): Ok
30% done
2019-May-15 08:28:13 Структура базы данных (check_mysql_table_structure): Ok
34% done
2019-May-15 08:28:13 Структура базы данных (check_mysql_table_structure): Ok
38% done
2019-May-15 08:28:15 Структура базы данных (check_mysql_table_structure): Ok
42% done
2019-May-15 08:28:15 Структура базы данных (check_mysql_table_structure): Ok
46% done
2019-May-15 08:28:15 Структура базы данных (check_mysql_table_structure): Ok
50% done
2019-May-15 08:28:15 Структура базы данных (check_mysql_table_structure): Ok
53% done
2019-May-15 08:28:15 Структура базы данных (check_mysql_table_structure): Ok
57% done
2019-May-15 08:28:15 Структура базы данных (check_mysql_table_structure): Ok
61% done
2019-May-15 08:28:16 Структура базы данных (check_mysql_table_structure): Ok
65% done
2019-May-15 08:28:16 Структура базы данных (check_mysql_table_structure): Ok
69% done
2019-May-15 08:28:16 Структура базы данных (check_mysql_table_structure): Ok
73% done
2019-May-15 08:28:16 Структура базы данных (check_mysql_table_structure): Ok
76% done
2019-May-15 08:28:16 Структура базы данных (check_mysql_table_structure): Ok
80% done
2019-May-15 08:28:17 Структура базы данных (check_mysql_table_structure): Ok
84% done
2019-May-15 08:28:17 Структура базы данных (check_mysql_table_structure): Ok
88% done
2019-May-15 08:28:17 Структура базы данных (check_mysql_table_structure): Ok
92% done
2019-May-15 08:28:17 Структура базы данных (check_mysql_table_structure): Ok
96% done
2019-May-15 08:28:17 Структура базы данных (check_mysql_table_structure): Ok
Успешно
