2018-Oct-31 10:13:44 Наличие необходимых модулей php (check_php_modules): Ok
Все необходимые модули установлены
2018-Oct-31 10:13:44 Обязательные параметры PHP (check_php_settings): Ok
Настройки правильные
2018-Oct-31 10:13:44 Модули веб-сервера (check_security): Ok
Конфликтов не выявлено
2018-Oct-31 10:13:44 Значения переменных сервера (check_server_vars): Ok
Корректные
2018-Oct-31 10:13:45 Сохранение сессии (check_session): Ok
50% done
2018-Oct-31 10:13:45 Сохранение сессии (check_session): Ok
Успешно
2018-Oct-31 10:13:45 Параметры настройки UTF (mbstring и константа BX_UTF) (check_mbstring): Ok
Правильные. Сайт работает в UTF кодировке
2018-Oct-31 10:13:45 Служебные скрипты в корне сайта (check_install_scripts): Ok
Отсутствуют
2018-Oct-31 10:13:45 Работа с сокетами (check_socket): Fail
Connection to lnkrayon.make.st:228	Fail
Socket error [111]: Connection refused

Ошибка! Не работает
2018-Oct-31 10:13:45 Выполнение агентов на cron (check_bx_crontab): Warning
Замечание. Агенты выполняются на хитах, рекомендуется перевести выполнение агентов на cron
2018-Oct-31 10:13:45 Параметры подключения к базе данных (check_dbconn_settings): Ok
Успешно
2018-Oct-31 10:13:45 Лишний вывод в файлах конфигурации (check_dbconn): Warning
Замечание. Не удалось проверить из-за ошибки в работе с сокетами
2018-Oct-31 10:13:45 Сохранение сессии без UserAgent (check_session_ua): Warning
Замечание. Не удалось проверить из-за ошибки в работе с сокетами
2018-Oct-31 10:13:45 Настройки сайтов (check_sites): Ok
Правильные
2018-Oct-31 10:13:45 Передача объектов по ссылке (check_clone): Ok
Успешно
2018-Oct-31 10:13:45 Размер стека и pcre.recursion_limit (check_pcre_recursion): Warning
Замечание. Не удалось проверить из-за ошибки в работе с сокетами
2018-Oct-31 10:13:45 Загрузка файла (check_upload): Warning
Замечание. Не удалось проверить из-за ошибки в работе с сокетами
2018-Oct-31 10:13:45 Загрузка файла больше 4Мб (check_upload_big): Warning
Замечание. Не удалось проверить из-за ошибки в работе с сокетами
2018-Oct-31 10:13:45 Загрузка файла через php://input (check_upload_raw): Warning
Замечание. Не удалось проверить из-за ошибки в работе с сокетами
2018-Oct-31 10:13:46 Передача POST запроса с большим числом параметров (check_post): Warning
Замечание. Не удалось проверить из-за ошибки в работе с сокетами
2018-Oct-31 10:13:48 Отправка почты (check_mail): Fail
Ошибка! Отправлено. Время отправки: 2.55 сек.
2018-Oct-31 10:13:51 Отправка почтового сообщения больше 64Кб (check_mail_big): Fail
Ошибка! Отправлено. Время отправки: 2.77 сек.
2018-Oct-31 10:13:51 Проверка на наличие неотправленных сообщений (check_mail_b_event): Ok
Успешно
2018-Oct-31 10:13:51 Внутреннее перенаправление (функция LocalRedirect) (check_localredirect): Warning
Замечание. Не удалось проверить из-за ошибки в работе с сокетами
2018-Oct-31 10:13:51 Фактическое ограничение памяти (check_memory_limit): Warning
Замечание. Не удалось проверить из-за ошибки в работе с сокетами
2018-Oct-31 10:13:51 Работа с файлами кеша (check_cache): Ok
Успешно
2018-Oct-31 10:13:52 Доступ к серверу обновлений (check_update): Ok
Успешно
2018-Oct-31 10:13:52 HTTP авторизация (check_http_auth): Warning
Замечание. Не удалось проверить из-за ошибки в работе с сокетами
2018-Oct-31 10:13:52 Создание и запуск файла (check_exec): Warning
Замечание. Не удалось проверить из-за ошибки в работе с сокетами
2018-Oct-31 10:13:52 Функция getimagesize для swf (check_getimagesize): Ok
Успешно
2018-Oct-31 10:13:52 Версия MySQL-сервера (check_mysql_bug_version): Ok
Успешно
2018-Oct-31 10:13:53 Время на БД и веб-сервере (check_mysql_time): Ok
Успешно
2018-Oct-31 10:13:53 Режим работы MySQL (check_mysql_mode): Ok
Успешно
2018-Oct-31 10:13:53 Кодировка соединения (check_mysql_connection_charset): Ok
character_set_connection=utf8, collation_connection=utf8_unicode_ci, character_set_results=utf8
Успешно
2018-Oct-31 10:13:53 Кодировка базы данных (check_mysql_db_charset): Ok
CHARSET=utf8, COLLATION=utf8_unicode_ci
Успешно
2018-Oct-31 10:13:55 Кодировки таблиц в БД (check_mysql_table_charset): Ok
Успешно
2018-Oct-31 10:14:08 Структура базы данных (check_mysql_table_structure): Ok
0% done
